  BTree.cpp
c:\users\김영훈\desktop\swyh\data-structure\b+tree\solutionfoler\project1\btree.cpp(34): warning C4018: '<': signed 또는 unsigned가 일치하지 않습니다.
c:\users\김영훈\desktop\swyh\data-structure\b+tree\solutionfoler\project1\btree.cpp(40): warning C4018: '<': signed 또는 unsigned가 일치하지 않습니다.
c:\users\김영훈\desktop\swyh\data-structure\b+tree\solutionfoler\project1\btree.cpp(63): warning C4018: '<': signed 또는 unsigned가 일치하지 않습니다.
c:\users\김영훈\desktop\swyh\data-structure\b+tree\solutionfoler\project1\btree.cpp(69): warning C4018: '<': signed 또는 unsigned가 일치하지 않습니다.
c:\users\김영훈\desktop\swyh\data-structure\b+tree\solutionfoler\project1\btree.cpp(137): warning C4018: '<': signed 또는 unsigned가 일치하지 않습니다.
c:\users\김영훈\desktop\swyh\data-structure\b+tree\solutionfoler\project1\btree.cpp(160): warning C4244: '초기화 중': 'double'에서 'int'(으)로 변환하면서 데이터가 손실될 수 있습니다.
c:\users\김영훈\desktop\swyh\data-structure\b+tree\solutionfoler\project1\btree.cpp(166): warning C4018: '<': signed 또는 unsigned가 일치하지 않습니다.
c:\users\김영훈\desktop\swyh\data-structure\b+tree\solutionfoler\project1\btree.cpp(206): warning C4018: '<': signed 또는 unsigned가 일치하지 않습니다.
c:\users\김영훈\desktop\swyh\data-structure\b+tree\solutionfoler\project1\btree.cpp(226): warning C4244: '초기화 중': 'double'에서 'int'(으)로 변환하면서 데이터가 손실될 수 있습니다.
c:\users\김영훈\desktop\swyh\data-structure\b+tree\solutionfoler\project1\btree.cpp(234): warning C4018: '<': signed 또는 unsigned가 일치하지 않습니다.
c:\users\김영훈\desktop\swyh\data-structure\b+tree\solutionfoler\project1\btree.cpp(247): warning C4018: '<': signed 또는 unsigned가 일치하지 않습니다.
c:\users\김영훈\desktop\swyh\data-structure\b+tree\solutionfoler\project1\btree.cpp(380): warning C4800: 'int': 'true' 또는 'false'로 bool 값을 강제하고 있습니다(성능 경고).
c:\users\김영훈\desktop\swyh\data-structure\b+tree\solutionfoler\project1\btree.cpp(393): warning C4800: 'int': 'true' 또는 'false'로 bool 값을 강제하고 있습니다(성능 경고).
c:\users\김영훈\desktop\swyh\data-structure\b+tree\solutionfoler\project1\btree.cpp(397): warning C4800: 'int': 'true' 또는 'false'로 bool 값을 강제하고 있습니다(성능 경고).
c:\users\김영훈\desktop\swyh\data-structure\b+tree\solutionfoler\project1\btree.cpp(454): warning C4018: '<=': signed 또는 unsigned가 일치하지 않습니다.
c:\users\김영훈\desktop\swyh\data-structure\b+tree\solutionfoler\project1\btree.cpp(467): warning C4018: '>': signed 또는 unsigned가 일치하지 않습니다.
c:\users\김영훈\desktop\swyh\data-structure\b+tree\solutionfoler\project1\btree.cpp(469): warning C4018: '>': signed 또는 unsigned가 일치하지 않습니다.
c:\users\김영훈\desktop\swyh\data-structure\b+tree\solutionfoler\project1\btree.cpp(506): warning C4018: '<': signed 또는 unsigned가 일치하지 않습니다.
c:\users\김영훈\desktop\swyh\data-structure\b+tree\solutionfoler\project1\btree.cpp(516): warning C4800: 'int': 'true' 또는 'false'로 bool 값을 강제하고 있습니다(성능 경고).
c:\users\김영훈\desktop\swyh\data-structure\b+tree\solutionfoler\project1\btree.cpp(518): warning C4800: 'int': 'true' 또는 'false'로 bool 값을 강제하고 있습니다(성능 경고).
c:\users\김영훈\desktop\swyh\data-structure\b+tree\solutionfoler\project1\btree.cpp(535): warning C4800: 'int': 'true' 또는 'false'로 bool 값을 강제하고 있습니다(성능 경고).
  코드를 생성하고 있습니다...
  건너뛰고 있습니다... (관련된 변경 내용 없음)
  main.cpp
  func.cpp
  Project1.vcxproj -> C:\Users\김영훈\Desktop\swyh\data-structure\B+Tree\SolutionFoler\Debug\Project1.exe
  Project1.vcxproj -> C:\Users\김영훈\Desktop\swyh\data-structure\B+Tree\SolutionFoler\Debug\Project1.pdb (Full PDB)
